CRITICAL - 2022-08-10 10:57:38 --> Array to string conversion
in APPPATH\Views\pages\test.php on line 7.
 1 APPPATH\Views\pages\test.php(7): CodeIgniter\Debug\Exceptions->errorHandler(2, 'Array to string conversion', 'APPPATH\\Views\\pages\\test.php', 7)
 2 SYSTEMPATH\View\View.php(213): include('APPPATH\\Views\\pages\\test.php')
 3 SYSTEMPATH\View\View.php(216): CodeIgniter\View\View->CodeIgniter\View\{closure}()
 4 SYSTEMPATH\Common.php(1135): CodeIgniter\View\View->render('pages/test', [], true)
 5 APPPATH\Controllers\Pages.php(54): view('pages/test')
 6 SYSTEMPATH\CodeIgniter.php(896): App\Controllers\Pages->test()
 7 SYSTEMPATH\CodeIgniter.php(466): CodeIgniter\CodeIgniter->runController(Object(App\Controllers\Pages))
 8 SYSTEMPATH\CodeIgniter.php(349): CodeIgniter\CodeIgniter->handleRequest(null, Object(Config\Cache), false)
 9 FCPATH\index.php(55): CodeIgniter\CodeIgniter->run()
CRITICAL - 2022-08-10 11:03:47 --> Undefined variable $age
in APPPATH\Views\pages\test.php on line 11.
 1 APPPATH\Views\pages\test.php(11): CodeIgniter\Debug\Exceptions->errorHandler(2, 'Undefined variable $age', 'APPPATH\\Views\\pages\\test.php', 11)
 2 SYSTEMPATH\View\View.php(213): include('APPPATH\\Views\\pages\\test.php')
 3 SYSTEMPATH\View\View.php(216): CodeIgniter\View\View->CodeIgniter\View\{closure}()
 4 SYSTEMPATH\Common.php(1135): CodeIgniter\View\View->render('pages/test', [], true)
 5 APPPATH\Controllers\Pages.php(54): view('pages/test')
 6 SYSTEMPATH\CodeIgniter.php(896): App\Controllers\Pages->test()
 7 SYSTEMPATH\CodeIgniter.php(466): CodeIgniter\CodeIgniter->runController(Object(App\Controllers\Pages))
 8 SYSTEMPATH\CodeIgniter.php(349): CodeIgniter\CodeIgniter->handleRequest(null, Object(Config\Cache), false)
 9 FCPATH\index.php(55): CodeIgniter\CodeIgniter->run()
