CRITICAL - 2022-08-13 22:32:22 --> Undefined array key "disease"
in APPPATH\Views\pages\record.php on line 35.
 1 APPPATH\Views\pages\record.php(35): CodeIgniter\Debug\Exceptions->errorHandler(2, 'Undefined array key "disease"', 'APPPATH\\Views\\pages\\record.php', 35)
 2 SYSTEMPATH\View\View.php(213): include('APPPATH\\Views\\pages\\record.php')
 3 SYSTEMPATH\View\View.php(216): CodeIgniter\View\View->CodeIgniter\View\{closure}()
 4 SYSTEMPATH\Common.php(1135): CodeIgniter\View\View->render('pages/record', [], true)
 5 APPPATH\Controllers\Pages.php(47): view('pages/record', [...])
 6 SYSTEMPATH\CodeIgniter.php(896): App\Controllers\Pages->record()
 7 SYSTEMPATH\CodeIgniter.php(466): CodeIgniter\CodeIgniter->runController(Object(App\Controllers\Pages))
 8 SYSTEMPATH\CodeIgniter.php(349): CodeIgniter\CodeIgniter->handleRequest(null, Object(Config\Cache), false)
 9 FCPATH\index.php(55): CodeIgniter\CodeIgniter->run()
CRITICAL - 2022-08-13 22:33:57 --> Undefined array key "disease"
in APPPATH\Views\pages\record.php on line 35.
 1 APPPATH\Views\pages\record.php(35): CodeIgniter\Debug\Exceptions->errorHandler(2, 'Undefined array key "disease"', 'APPPATH\\Views\\pages\\record.php', 35)
 2 SYSTEMPATH\View\View.php(213): include('APPPATH\\Views\\pages\\record.php')
 3 SYSTEMPATH\View\View.php(216): CodeIgniter\View\View->CodeIgniter\View\{closure}()
 4 SYSTEMPATH\Common.php(1135): CodeIgniter\View\View->render('pages/record', [], true)
 5 APPPATH\Controllers\Pages.php(47): view('pages/record', [...])
 6 SYSTEMPATH\CodeIgniter.php(896): App\Controllers\Pages->record()
 7 SYSTEMPATH\CodeIgniter.php(466): CodeIgniter\CodeIgniter->runController(Object(App\Controllers\Pages))
 8 SYSTEMPATH\CodeIgniter.php(349): CodeIgniter\CodeIgniter->handleRequest(null, Object(Config\Cache), false)
 9 FCPATH\index.php(55): CodeIgniter\CodeIgniter->run()
CRITICAL - 2022-08-13 22:34:48 --> Undefined array key "disease"
in APPPATH\Views\pages\record.php on line 35.
 1 APPPATH\Views\pages\record.php(35): CodeIgniter\Debug\Exceptions->errorHandler(2, 'Undefined array key "disease"', 'APPPATH\\Views\\pages\\record.php', 35)
 2 SYSTEMPATH\View\View.php(213): include('APPPATH\\Views\\pages\\record.php')
 3 SYSTEMPATH\View\View.php(216): CodeIgniter\View\View->CodeIgniter\View\{closure}()
 4 SYSTEMPATH\Common.php(1135): CodeIgniter\View\View->render('pages/record', [], true)
 5 APPPATH\Controllers\Pages.php(47): view('pages/record', [...])
 6 SYSTEMPATH\CodeIgniter.php(896): App\Controllers\Pages->record()
 7 SYSTEMPATH\CodeIgniter.php(466): CodeIgniter\CodeIgniter->runController(Object(App\Controllers\Pages))
 8 SYSTEMPATH\CodeIgniter.php(349): CodeIgniter\CodeIgniter->handleRequest(null, Object(Config\Cache), false)
 9 FCPATH\index.php(55): CodeIgniter\CodeIgniter->run()
CRITICAL - 2022-08-13 22:34:50 --> Undefined array key "disease"
in APPPATH\Views\pages\record.php on line 35.
 1 APPPATH\Views\pages\record.php(35): CodeIgniter\Debug\Exceptions->errorHandler(2, 'Undefined array key "disease"', 'APPPATH\\Views\\pages\\record.php', 35)
 2 SYSTEMPATH\View\View.php(213): include('APPPATH\\Views\\pages\\record.php')
 3 SYSTEMPATH\View\View.php(216): CodeIgniter\View\View->CodeIgniter\View\{closure}()
 4 SYSTEMPATH\Common.php(1135): CodeIgniter\View\View->render('pages/record', [], true)
 5 APPPATH\Controllers\Pages.php(47): view('pages/record', [...])
 6 SYSTEMPATH\CodeIgniter.php(896): App\Controllers\Pages->record()
 7 SYSTEMPATH\CodeIgniter.php(466): CodeIgniter\CodeIgniter->runController(Object(App\Controllers\Pages))
 8 SYSTEMPATH\CodeIgniter.php(349): CodeIgniter\CodeIgniter->handleRequest(null, Object(Config\Cache), false)
 9 FCPATH\index.php(55): CodeIgniter\CodeIgniter->run()
CRITICAL - 2022-08-13 22:38:52 --> Undefined array key "disease"
in APPPATH\Views\pages\record.php on line 36.
 1 APPPATH\Views\pages\record.php(36): CodeIgniter\Debug\Exceptions->errorHandler(2, 'Undefined array key "disease"', 'APPPATH\\Views\\pages\\record.php', 36)
 2 SYSTEMPATH\View\View.php(213): include('APPPATH\\Views\\pages\\record.php')
 3 SYSTEMPATH\View\View.php(216): CodeIgniter\View\View->CodeIgniter\View\{closure}()
 4 SYSTEMPATH\Common.php(1135): CodeIgniter\View\View->render('pages/record', [], true)
 5 APPPATH\Controllers\Pages.php(47): view('pages/record', [...])
 6 SYSTEMPATH\CodeIgniter.php(896): App\Controllers\Pages->record()
 7 SYSTEMPATH\CodeIgniter.php(466): CodeIgniter\CodeIgniter->runController(Object(App\Controllers\Pages))
 8 SYSTEMPATH\CodeIgniter.php(349): CodeIgniter\CodeIgniter->handleRequest(null, Object(Config\Cache), false)
 9 FCPATH\index.php(55): CodeIgniter\CodeIgniter->run()
